[2022-09-20T18:57:46.432+0000] {manager.py:483} INFO - Processing files using up to 2 processes at a time 
[2022-09-20T18:57:46.434+0000] {manager.py:484} INFO - Process each file at most once every 30 seconds
[2022-09-20T18:57:46.437+0000] {manager.py:486} INFO - Checking for new files in /opt/airflow/dags every 300 seconds
[2022-09-20T18:57:46.439+0000] {manager.py:724} INFO - Searching for files in /opt/airflow/dags
[2022-09-20T18:57:46.476+0000] {manager.py:727} INFO - There are 1 files in /opt/airflow/dags
[2022-09-20T18:57:46.528+0000] {manager.py:846} INFO - 
================================================================================
DAG File Processing Stats

File Path                                       PID  Runtime      # DAGs    # Errors  Last Runtime    Last Run
--------------------------------------------  -----  ---------  --------  ----------  --------------  ----------
/opt/airflow/dags/data_ingestion_dag/main.py     36  0.02s             0           0
================================================================================
[2022-09-20T18:58:16.712+0000] {manager.py:846} INFO - 
================================================================================
DAG File Processing Stats

File Path                                     PID    Runtime      # DAGs    # Errors  Last Runtime    Last Run
--------------------------------------------  -----  ---------  --------  ----------  --------------  -------------------
/opt/airflow/dags/data_ingestion_dag/main.py                           1           0  0.57s           2022-09-20T18:57:47
================================================================================
[2022-09-20T18:58:47.279+0000] {manager.py:846} INFO - 
================================================================================
DAG File Processing Stats

File Path                                     PID    Runtime      # DAGs    # Errors  Last Runtime    Last Run
--------------------------------------------  -----  ---------  --------  ----------  --------------  -------------------
/opt/airflow/dags/data_ingestion_dag/main.py                           1           0  0.34s           2022-09-20T18:58:25
================================================================================
[2022-09-20T18:59:17.839+0000] {manager.py:846} INFO - 
================================================================================
DAG File Processing Stats

File Path                                     PID    Runtime      # DAGs    # Errors  Last Runtime    Last Run
--------------------------------------------  -----  ---------  --------  ----------  --------------  -------------------
/opt/airflow/dags/data_ingestion_dag/main.py                           1           0  0.32s           2022-09-20T18:58:55
================================================================================
[2022-09-20T18:59:48.431+0000] {manager.py:846} INFO - 
================================================================================
DAG File Processing Stats

File Path                                     PID    Runtime      # DAGs    # Errors  Last Runtime    Last Run
--------------------------------------------  -----  ---------  --------  ----------  --------------  -------------------
/opt/airflow/dags/data_ingestion_dag/main.py                           1           0  0.37s           2022-09-20T18:59:26
================================================================================
[2022-09-20T19:00:19.052+0000] {manager.py:846} INFO - 
================================================================================
DAG File Processing Stats

File Path                                     PID    Runtime      # DAGs    # Errors  Last Runtime    Last Run
--------------------------------------------  -----  ---------  --------  ----------  --------------  -------------------
/opt/airflow/dags/data_ingestion_dag/main.py                           1           0  0.30s           2022-09-20T18:59:57
================================================================================
[2022-09-20T19:00:49.447+0000] {manager.py:846} INFO - 
================================================================================
DAG File Processing Stats

File Path                                     PID    Runtime      # DAGs    # Errors  Last Runtime    Last Run
--------------------------------------------  -----  ---------  --------  ----------  --------------  -------------------
/opt/airflow/dags/data_ingestion_dag/main.py                           1           0  0.19s           2022-09-20T19:00:39
================================================================================
[2022-09-20T19:01:19.877+0000] {manager.py:846} INFO - 
================================================================================
DAG File Processing Stats

File Path                                     PID    Runtime      # DAGs    # Errors  Last Runtime    Last Run
--------------------------------------------  -----  ---------  --------  ----------  --------------  -------------------
/opt/airflow/dags/data_ingestion_dag/main.py                           1           0  0.21s           2022-09-20T19:01:09
================================================================================
[2022-09-20T19:01:50.170+0000] {manager.py:846} INFO - 
================================================================================
DAG File Processing Stats

File Path                                     PID    Runtime      # DAGs    # Errors  Last Runtime    Last Run
--------------------------------------------  -----  ---------  --------  ----------  --------------  -------------------
/opt/airflow/dags/data_ingestion_dag/main.py                           1           0  0.26s           2022-09-20T19:01:40
================================================================================
[2022-09-20T19:02:20.409+0000] {manager.py:846} INFO - 
================================================================================
DAG File Processing Stats

File Path                                     PID    Runtime      # DAGs    # Errors  Last Runtime    Last Run
--------------------------------------------  -----  ---------  --------  ----------  --------------  -------------------
/opt/airflow/dags/data_ingestion_dag/main.py                           1           0  0.23s           2022-09-20T19:02:10
================================================================================
[2022-09-20T19:02:46.818+0000] {manager.py:724} INFO - Searching for files in /opt/airflow/dags
[2022-09-20T19:02:46.868+0000] {manager.py:727} INFO - There are 1 files in /opt/airflow/dags
[2022-09-20T19:02:50.933+0000] {manager.py:846} INFO - 
================================================================================
DAG File Processing Stats

File Path                                     PID    Runtime      # DAGs    # Errors  Last Runtime    Last Run
--------------------------------------------  -----  ---------  --------  ----------  --------------  -------------------
/opt/airflow/dags/data_ingestion_dag/main.py                           1           0  0.28s           2022-09-20T19:02:26
================================================================================
[2022-09-20T19:03:21.161+0000] {manager.py:846} INFO - 
================================================================================
DAG File Processing Stats

File Path                                     PID    Runtime      # DAGs    # Errors  Last Runtime    Last Run
--------------------------------------------  -----  ---------  --------  ----------  --------------  -------------------
/opt/airflow/dags/data_ingestion_dag/main.py                           1           0  0.19s           2022-09-20T19:02:57
================================================================================
[2022-09-20T19:03:51.545+0000] {manager.py:846} INFO - 
================================================================================
DAG File Processing Stats

File Path                                     PID    Runtime      # DAGs    # Errors  Last Runtime    Last Run
--------------------------------------------  -----  ---------  --------  ----------  --------------  -------------------
/opt/airflow/dags/data_ingestion_dag/main.py                           1           0  0.19s           2022-09-20T19:03:27
================================================================================
[2022-09-20T19:04:21.830+0000] {manager.py:846} INFO - 
================================================================================
DAG File Processing Stats

File Path                                     PID    Runtime      # DAGs    # Errors  Last Runtime    Last Run
--------------------------------------------  -----  ---------  --------  ----------  --------------  -------------------
/opt/airflow/dags/data_ingestion_dag/main.py                           1           0  0.22s           2022-09-20T19:03:57
================================================================================
[2022-09-20T19:04:52.313+0000] {manager.py:846} INFO - 
================================================================================
DAG File Processing Stats

File Path                                     PID    Runtime      # DAGs    # Errors  Last Runtime    Last Run
--------------------------------------------  -----  ---------  --------  ----------  --------------  -------------------
/opt/airflow/dags/data_ingestion_dag/main.py                           1           0  0.23s           2022-09-20T19:04:28
================================================================================
[2022-09-20T19:05:22.560+0000] {manager.py:846} INFO - 
================================================================================
DAG File Processing Stats

File Path                                     PID    Runtime      # DAGs    # Errors  Last Runtime    Last Run
--------------------------------------------  -----  ---------  --------  ----------  --------------  -------------------
/opt/airflow/dags/data_ingestion_dag/main.py                           1           0  0.20s           2022-09-20T19:04:58
================================================================================
[2022-09-20T19:05:53.030+0000] {manager.py:846} INFO - 
================================================================================
DAG File Processing Stats

File Path                                     PID    Runtime      # DAGs    # Errors  Last Runtime    Last Run
--------------------------------------------  -----  ---------  --------  ----------  --------------  -------------------
/opt/airflow/dags/data_ingestion_dag/main.py                           1           0  0.22s           2022-09-20T19:05:28
================================================================================
[2022-09-20T19:06:23.257+0000] {manager.py:846} INFO - 
================================================================================
DAG File Processing Stats

File Path                                     PID    Runtime      # DAGs    # Errors  Last Runtime    Last Run
--------------------------------------------  -----  ---------  --------  ----------  --------------  -------------------
/opt/airflow/dags/data_ingestion_dag/main.py                           1           0  0.24s           2022-09-20T19:05:59
================================================================================
[2022-09-20T19:06:53.661+0000] {manager.py:846} INFO - 
================================================================================
DAG File Processing Stats

File Path                                     PID    Runtime      # DAGs    # Errors  Last Runtime    Last Run
--------------------------------------------  -----  ---------  --------  ----------  --------------  -------------------
/opt/airflow/dags/data_ingestion_dag/main.py                           1           0  0.23s           2022-09-20T19:06:29
================================================================================
[2022-09-20T19:07:24.218+0000] {manager.py:846} INFO - 
================================================================================
DAG File Processing Stats

File Path                                     PID    Runtime      # DAGs    # Errors  Last Runtime    Last Run
--------------------------------------------  -----  ---------  --------  ----------  --------------  -------------------
/opt/airflow/dags/data_ingestion_dag/main.py                           1           0  0.21s           2022-09-20T19:07:00
================================================================================
[2022-09-20T19:07:47.582+0000] {manager.py:724} INFO - Searching for files in /opt/airflow/dags
[2022-09-20T19:07:47.600+0000] {manager.py:727} INFO - There are 1 files in /opt/airflow/dags
[2022-09-20T19:07:54.674+0000] {manager.py:846} INFO - 
================================================================================
DAG File Processing Stats

File Path                                     PID    Runtime      # DAGs    # Errors  Last Runtime    Last Run
--------------------------------------------  -----  ---------  --------  ----------  --------------  -------------------
/opt/airflow/dags/data_ingestion_dag/main.py                           1           0  0.22s           2022-09-20T19:07:30
================================================================================
[2022-09-20T19:08:24.961+0000] {manager.py:846} INFO - 
================================================================================
DAG File Processing Stats

File Path                                     PID    Runtime      # DAGs    # Errors  Last Runtime    Last Run
--------------------------------------------  -----  ---------  --------  ----------  --------------  -------------------
/opt/airflow/dags/data_ingestion_dag/main.py                           1           0  0.25s           2022-09-20T19:08:00
================================================================================
[2022-09-20T19:08:55.433+0000] {manager.py:846} INFO - 
================================================================================
DAG File Processing Stats

File Path                                     PID    Runtime      # DAGs    # Errors  Last Runtime    Last Run
--------------------------------------------  -----  ---------  --------  ----------  --------------  -------------------
/opt/airflow/dags/data_ingestion_dag/main.py                           1           0  0.20s           2022-09-20T19:08:31
================================================================================
[2022-09-20T19:09:25.747+0000] {manager.py:846} INFO - 
================================================================================
DAG File Processing Stats

File Path                                     PID    Runtime      # DAGs    # Errors  Last Runtime    Last Run
--------------------------------------------  -----  ---------  --------  ----------  --------------  -------------------
/opt/airflow/dags/data_ingestion_dag/main.py                           1           0  0.24s           2022-09-20T19:09:01
================================================================================
[2022-09-20T19:09:56.129+0000] {manager.py:846} INFO - 
================================================================================
DAG File Processing Stats

File Path                                     PID    Runtime      # DAGs    # Errors  Last Runtime    Last Run
--------------------------------------------  -----  ---------  --------  ----------  --------------  -------------------
/opt/airflow/dags/data_ingestion_dag/main.py                           1           0  0.22s           2022-09-20T19:09:32
================================================================================
[2022-09-20T19:10:26.365+0000] {manager.py:846} INFO - 
================================================================================
DAG File Processing Stats

File Path                                     PID    Runtime      # DAGs    # Errors  Last Runtime    Last Run
--------------------------------------------  -----  ---------  --------  ----------  --------------  -------------------
/opt/airflow/dags/data_ingestion_dag/main.py                           1           0  0.19s           2022-09-20T19:10:02
================================================================================
[2022-09-20T19:10:56.658+0000] {manager.py:846} INFO - 
================================================================================
DAG File Processing Stats

File Path                                     PID    Runtime      # DAGs    # Errors  Last Runtime    Last Run
--------------------------------------------  -----  ---------  --------  ----------  --------------  -------------------
/opt/airflow/dags/data_ingestion_dag/main.py                           1           0  0.19s           2022-09-20T19:10:32
================================================================================
[2022-09-20T19:11:27.111+0000] {manager.py:846} INFO - 
================================================================================
DAG File Processing Stats

File Path                                     PID    Runtime      # DAGs    # Errors  Last Runtime    Last Run
--------------------------------------------  -----  ---------  --------  ----------  --------------  -------------------
/opt/airflow/dags/data_ingestion_dag/main.py                           1           0  0.18s           2022-09-20T19:11:02
================================================================================
[2022-09-20T19:11:57.423+0000] {manager.py:846} INFO - 
================================================================================
DAG File Processing Stats

File Path                                     PID    Runtime      # DAGs    # Errors  Last Runtime    Last Run
--------------------------------------------  -----  ---------  --------  ----------  --------------  -------------------
/opt/airflow/dags/data_ingestion_dag/main.py                           1           0  0.23s           2022-09-20T19:11:33
================================================================================
[2022-09-20T19:12:27.900+0000] {manager.py:846} INFO - 
================================================================================
DAG File Processing Stats

File Path                                     PID    Runtime      # DAGs    # Errors  Last Runtime    Last Run
--------------------------------------------  -----  ---------  --------  ----------  --------------  -------------------
/opt/airflow/dags/data_ingestion_dag/main.py                           1           0  0.22s           2022-09-20T19:12:03
================================================================================
[2022-09-20T19:12:48.126+0000] {manager.py:724} INFO - Searching for files in /opt/airflow/dags
[2022-09-20T19:12:48.162+0000] {manager.py:727} INFO - There are 1 files in /opt/airflow/dags
[2022-09-20T19:12:50.305+0000] {manager.py:465} INFO - Exiting gracefully upon receiving signal 15
[2022-09-20T19:17:34.051+0000] {manager.py:483} INFO - Processing files using up to 2 processes at a time 
[2022-09-20T19:17:34.054+0000] {manager.py:484} INFO - Process each file at most once every 30 seconds
[2022-09-20T19:17:34.056+0000] {manager.py:486} INFO - Checking for new files in /opt/airflow/dags every 300 seconds
[2022-09-20T19:17:34.063+0000] {manager.py:724} INFO - Searching for files in /opt/airflow/dags
[2022-09-20T19:17:34.089+0000] {manager.py:727} INFO - There are 1 files in /opt/airflow/dags
[2022-09-20T19:17:34.154+0000] {manager.py:846} INFO - 
================================================================================
DAG File Processing Stats

File Path                                       PID  Runtime      # DAGs    # Errors  Last Runtime    Last Run
--------------------------------------------  -----  ---------  --------  ----------  --------------  ----------
/opt/airflow/dags/data_ingestion_dag/main.py     36  0.03s             0           0
================================================================================
[2022-09-20T19:18:04.327+0000] {manager.py:846} INFO - 
================================================================================
DAG File Processing Stats

File Path                                     PID    Runtime      # DAGs    # Errors  Last Runtime    Last Run
--------------------------------------------  -----  ---------  --------  ----------  --------------  -------------------
/opt/airflow/dags/data_ingestion_dag/main.py                           1           0  0.51s           2022-09-20T19:17:34
================================================================================
[2022-09-20T19:18:34.487+0000] {manager.py:846} INFO - 
================================================================================
DAG File Processing Stats

File Path                                     PID    Runtime      # DAGs    # Errors  Last Runtime    Last Run
--------------------------------------------  -----  ---------  --------  ----------  --------------  -------------------
/opt/airflow/dags/data_ingestion_dag/main.py                           1           0  0.36s           2022-09-20T19:18:05
================================================================================
[2022-09-20T19:19:04.805+0000] {manager.py:846} INFO - 
================================================================================
DAG File Processing Stats

File Path                                     PID    Runtime      # DAGs    # Errors  Last Runtime    Last Run
--------------------------------------------  -----  ---------  --------  ----------  --------------  -------------------
/opt/airflow/dags/data_ingestion_dag/main.py                           1           0  0.36s           2022-09-20T19:18:35
================================================================================
[2022-09-20T19:19:35.325+0000] {manager.py:846} INFO - 
================================================================================
DAG File Processing Stats

File Path                                     PID    Runtime      # DAGs    # Errors  Last Runtime    Last Run
--------------------------------------------  -----  ---------  --------  ----------  --------------  -------------------
/opt/airflow/dags/data_ingestion_dag/main.py                           1           0  0.28s           2022-09-20T19:19:06
================================================================================
[2022-09-20T19:20:05.770+0000] {manager.py:846} INFO - 
================================================================================
DAG File Processing Stats

File Path                                     PID    Runtime      # DAGs    # Errors  Last Runtime    Last Run
--------------------------------------------  -----  ---------  --------  ----------  --------------  -------------------
/opt/airflow/dags/data_ingestion_dag/main.py                           1           0  0.29s           2022-09-20T19:19:54
================================================================================
[2022-09-20T19:20:36.149+0000] {manager.py:846} INFO - 
================================================================================
DAG File Processing Stats

File Path                                     PID    Runtime      # DAGs    # Errors  Last Runtime    Last Run
--------------------------------------------  -----  ---------  --------  ----------  --------------  -------------------
/opt/airflow/dags/data_ingestion_dag/main.py                           1           0  0.22s           2022-09-20T19:20:25
================================================================================
[2022-09-20T19:21:06.587+0000] {manager.py:846} INFO - 
================================================================================
DAG File Processing Stats

File Path                                     PID    Runtime      # DAGs    # Errors  Last Runtime    Last Run
--------------------------------------------  -----  ---------  --------  ----------  --------------  -------------------
/opt/airflow/dags/data_ingestion_dag/main.py                           1           0  0.23s           2022-09-20T19:20:55
================================================================================
[2022-09-20T19:21:36.907+0000] {manager.py:846} INFO - 
================================================================================
DAG File Processing Stats

File Path                                     PID    Runtime      # DAGs    # Errors  Last Runtime    Last Run
--------------------------------------------  -----  ---------  --------  ----------  --------------  -------------------
/opt/airflow/dags/data_ingestion_dag/main.py                           1           0  0.23s           2022-09-20T19:21:26
================================================================================
[2022-09-20T19:22:07.345+0000] {manager.py:846} INFO - 
================================================================================
DAG File Processing Stats

File Path                                     PID    Runtime      # DAGs    # Errors  Last Runtime    Last Run
--------------------------------------------  -----  ---------  --------  ----------  --------------  -------------------
/opt/airflow/dags/data_ingestion_dag/main.py                           1           0  0.23s           2022-09-20T19:21:56
================================================================================
[2022-09-20T19:22:34.627+0000] {manager.py:724} INFO - Searching for files in /opt/airflow/dags
[2022-09-20T19:22:34.641+0000] {manager.py:727} INFO - There are 1 files in /opt/airflow/dags
[2022-09-20T19:22:37.682+0000] {manager.py:846} INFO - 
================================================================================
DAG File Processing Stats

File Path                                     PID    Runtime      # DAGs    # Errors  Last Runtime    Last Run
--------------------------------------------  -----  ---------  --------  ----------  --------------  -------------------
/opt/airflow/dags/data_ingestion_dag/main.py                           1           0  0.40s           2022-09-20T19:22:26
================================================================================
[2022-09-20T19:23:08.251+0000] {manager.py:846} INFO - 
================================================================================
DAG File Processing Stats

File Path                                     PID    Runtime      # DAGs    # Errors  Last Runtime    Last Run
--------------------------------------------  -----  ---------  --------  ----------  --------------  -------------------
/opt/airflow/dags/data_ingestion_dag/main.py                           1           0  0.24s           2022-09-20T19:22:57
================================================================================
[2022-09-20T19:23:38.740+0000] {manager.py:846} INFO - 
================================================================================
DAG File Processing Stats

File Path                                     PID    Runtime      # DAGs    # Errors  Last Runtime    Last Run
--------------------------------------------  -----  ---------  --------  ----------  --------------  -------------------
/opt/airflow/dags/data_ingestion_dag/main.py                           1           0  0.22s           2022-09-20T19:23:27
================================================================================
[2022-09-20T19:24:09.257+0000] {manager.py:846} INFO - 
================================================================================
DAG File Processing Stats

File Path                                     PID    Runtime      # DAGs    # Errors  Last Runtime    Last Run
--------------------------------------------  -----  ---------  --------  ----------  --------------  -------------------
/opt/airflow/dags/data_ingestion_dag/main.py                           1           0  0.22s           2022-09-20T19:24:03
================================================================================
[2022-09-20T19:24:39.543+0000] {manager.py:846} INFO - 
================================================================================
DAG File Processing Stats

File Path                                     PID    Runtime      # DAGs    # Errors  Last Runtime    Last Run
--------------------------------------------  -----  ---------  --------  ----------  --------------  -------------------
/opt/airflow/dags/data_ingestion_dag/main.py                           1           0  0.21s           2022-09-20T19:24:33
================================================================================
[2022-09-20T19:25:09.979+0000] {manager.py:846} INFO - 
================================================================================
DAG File Processing Stats

File Path                                     PID    Runtime      # DAGs    # Errors  Last Runtime    Last Run
--------------------------------------------  -----  ---------  --------  ----------  --------------  -------------------
/opt/airflow/dags/data_ingestion_dag/main.py                           1           0  0.22s           2022-09-20T19:25:04
================================================================================
[2022-09-20T19:25:40.299+0000] {manager.py:846} INFO - 
================================================================================
DAG File Processing Stats

File Path                                     PID    Runtime      # DAGs    # Errors  Last Runtime    Last Run
--------------------------------------------  -----  ---------  --------  ----------  --------------  -------------------
/opt/airflow/dags/data_ingestion_dag/main.py                           1           0  0.28s           2022-09-20T19:25:16
================================================================================
[2022-09-20T19:26:10.675+0000] {manager.py:846} INFO - 
================================================================================
DAG File Processing Stats

File Path                                     PID    Runtime      # DAGs    # Errors  Last Runtime    Last Run
--------------------------------------------  -----  ---------  --------  ----------  --------------  -------------------
/opt/airflow/dags/data_ingestion_dag/main.py                           1           0  0.23s           2022-09-20T19:25:46
================================================================================
[2022-09-20T19:26:40.921+0000] {manager.py:846} INFO - 
================================================================================
DAG File Processing Stats

File Path                                     PID    Runtime      # DAGs    # Errors  Last Runtime    Last Run
--------------------------------------------  -----  ---------  --------  ----------  --------------  -------------------
/opt/airflow/dags/data_ingestion_dag/main.py                           1           0  0.21s           2022-09-20T19:26:16
================================================================================
[2022-09-20T19:27:11.405+0000] {manager.py:846} INFO - 
================================================================================
DAG File Processing Stats

File Path                                     PID    Runtime      # DAGs    # Errors  Last Runtime    Last Run
--------------------------------------------  -----  ---------  --------  ----------  --------------  -------------------
/opt/airflow/dags/data_ingestion_dag/main.py                           1           0  0.21s           2022-09-20T19:26:47
================================================================================
[2022-09-20T19:27:34.710+0000] {manager.py:724} INFO - Searching for files in /opt/airflow/dags
[2022-09-20T19:27:34.744+0000] {manager.py:727} INFO - There are 1 files in /opt/airflow/dags
[2022-09-20T19:27:41.832+0000] {manager.py:846} INFO - 
================================================================================
DAG File Processing Stats

File Path                                     PID    Runtime      # DAGs    # Errors  Last Runtime    Last Run
--------------------------------------------  -----  ---------  --------  ----------  --------------  -------------------
/opt/airflow/dags/data_ingestion_dag/main.py                           1           0  0.22s           2022-09-20T19:27:17
================================================================================
[2022-09-20T19:28:12.221+0000] {manager.py:846} INFO - 
================================================================================
DAG File Processing Stats

File Path                                     PID    Runtime      # DAGs    # Errors  Last Runtime    Last Run
--------------------------------------------  -----  ---------  --------  ----------  --------------  -------------------
/opt/airflow/dags/data_ingestion_dag/main.py                           1           0  0.19s           2022-09-20T19:27:48
================================================================================
[2022-09-20T19:28:42.544+0000] {manager.py:846} INFO - 
================================================================================
DAG File Processing Stats

File Path                                     PID    Runtime      # DAGs    # Errors  Last Runtime    Last Run
--------------------------------------------  -----  ---------  --------  ----------  --------------  -------------------
/opt/airflow/dags/data_ingestion_dag/main.py                           1           0  0.24s           2022-09-20T19:28:18
================================================================================
[2022-09-20T19:29:13.009+0000] {manager.py:846} INFO - 
================================================================================
DAG File Processing Stats

File Path                                     PID    Runtime      # DAGs    # Errors  Last Runtime    Last Run
--------------------------------------------  -----  ---------  --------  ----------  --------------  -------------------
/opt/airflow/dags/data_ingestion_dag/main.py                           1           0  0.23s           2022-09-20T19:28:48
================================================================================
[2022-09-20T19:29:43.316+0000] {manager.py:846} INFO - 
================================================================================
DAG File Processing Stats

File Path                                     PID    Runtime      # DAGs    # Errors  Last Runtime    Last Run
--------------------------------------------  -----  ---------  --------  ----------  --------------  -------------------
/opt/airflow/dags/data_ingestion_dag/main.py                           1           0  0.22s           2022-09-20T19:29:19
================================================================================
[2022-09-20T19:30:13.746+0000] {manager.py:846} INFO - 
================================================================================
DAG File Processing Stats

File Path                                     PID    Runtime      # DAGs    # Errors  Last Runtime    Last Run
--------------------------------------------  -----  ---------  --------  ----------  --------------  -------------------
/opt/airflow/dags/data_ingestion_dag/main.py                           1           0  0.22s           2022-09-20T19:29:49
================================================================================
[2022-09-20T19:30:44.035+0000] {manager.py:846} INFO - 
================================================================================
DAG File Processing Stats

File Path                                     PID    Runtime      # DAGs    # Errors  Last Runtime    Last Run
--------------------------------------------  -----  ---------  --------  ----------  --------------  -------------------
/opt/airflow/dags/data_ingestion_dag/main.py                           1           0  0.22s           2022-09-20T19:30:20
================================================================================
[2022-09-20T19:31:14.392+0000] {manager.py:846} INFO - 
================================================================================
DAG File Processing Stats

File Path                                     PID    Runtime      # DAGs    # Errors  Last Runtime    Last Run
--------------------------------------------  -----  ---------  --------  ----------  --------------  -------------------
/opt/airflow/dags/data_ingestion_dag/main.py                           1           0  0.27s           2022-09-20T19:30:50
================================================================================
[2022-09-20T19:31:44.763+0000] {manager.py:846} INFO - 
================================================================================
DAG File Processing Stats

File Path                                     PID    Runtime      # DAGs    # Errors  Last Runtime    Last Run
--------------------------------------------  -----  ---------  --------  ----------  --------------  -------------------
/opt/airflow/dags/data_ingestion_dag/main.py                           1           0  0.21s           2022-09-20T19:31:20
================================================================================
[2022-09-20T19:32:15.051+0000] {manager.py:846} INFO - 
================================================================================
DAG File Processing Stats

File Path                                     PID    Runtime      # DAGs    # Errors  Last Runtime    Last Run
--------------------------------------------  -----  ---------  --------  ----------  --------------  -------------------
/opt/airflow/dags/data_ingestion_dag/main.py                           1           0  0.24s           2022-09-20T19:31:51
================================================================================
[2022-09-20T19:32:35.358+0000] {manager.py:724} INFO - Searching for files in /opt/airflow/dags
[2022-09-20T19:32:35.398+0000] {manager.py:727} INFO - There are 1 files in /opt/airflow/dags
[2022-09-20T19:32:45.479+0000] {manager.py:846} INFO - 
================================================================================
DAG File Processing Stats

File Path                                     PID    Runtime      # DAGs    # Errors  Last Runtime    Last Run
--------------------------------------------  -----  ---------  --------  ----------  --------------  -------------------
/opt/airflow/dags/data_ingestion_dag/main.py                           1           0  0.25s           2022-09-20T19:32:21
================================================================================
[2022-09-20T19:33:15.738+0000] {manager.py:846} INFO - 
================================================================================
DAG File Processing Stats

File Path                                     PID    Runtime      # DAGs    # Errors  Last Runtime    Last Run
--------------------------------------------  -----  ---------  --------  ----------  --------------  -------------------
/opt/airflow/dags/data_ingestion_dag/main.py                           1           0  0.21s           2022-09-20T19:32:51
================================================================================
[2022-09-20T19:33:46.098+0000] {manager.py:846} INFO - 
================================================================================
DAG File Processing Stats

File Path                                     PID    Runtime      # DAGs    # Errors  Last Runtime    Last Run
--------------------------------------------  -----  ---------  --------  ----------  --------------  -------------------
/opt/airflow/dags/data_ingestion_dag/main.py                           1           0  0.20s           2022-09-20T19:33:21
================================================================================
[2022-09-20T19:34:16.284+0000] {manager.py:846} INFO - 
================================================================================
DAG File Processing Stats

File Path                                     PID    Runtime      # DAGs    # Errors  Last Runtime    Last Run
--------------------------------------------  -----  ---------  --------  ----------  --------------  -------------------
/opt/airflow/dags/data_ingestion_dag/main.py                           1           0  0.19s           2022-09-20T19:33:52
================================================================================
[2022-09-20T19:34:46.707+0000] {manager.py:846} INFO - 
================================================================================
DAG File Processing Stats

File Path                                       PID  Runtime      # DAGs    # Errors  Last Runtime    Last Run
--------------------------------------------  -----  ---------  --------  ----------  --------------  -------------------
/opt/airflow/dags/data_ingestion_dag/main.py    967  0.01s             1           0  0.20s           2022-09-20T19:34:22
================================================================================
[2022-09-20T19:35:17.007+0000] {manager.py:846} INFO - 
================================================================================
DAG File Processing Stats

File Path                                     PID    Runtime      # DAGs    # Errors  Last Runtime    Last Run
--------------------------------------------  -----  ---------  --------  ----------  --------------  -------------------
/opt/airflow/dags/data_ingestion_dag/main.py                           1           0  0.20s           2022-09-20T19:34:48
================================================================================
[2022-09-20T19:35:47.358+0000] {manager.py:846} INFO - 
================================================================================
DAG File Processing Stats

File Path                                     PID    Runtime      # DAGs    # Errors  Last Runtime    Last Run
--------------------------------------------  -----  ---------  --------  ----------  --------------  -------------------
/opt/airflow/dags/data_ingestion_dag/main.py                           1           0  0.24s           2022-09-20T19:35:19
================================================================================
[2022-09-20T19:36:17.795+0000] {manager.py:846} INFO - 
================================================================================
DAG File Processing Stats

File Path                                     PID    Runtime      # DAGs    # Errors  Last Runtime    Last Run
--------------------------------------------  -----  ---------  --------  ----------  --------------  -------------------
/opt/airflow/dags/data_ingestion_dag/main.py                           1           0  0.22s           2022-09-20T19:35:56
================================================================================
[2022-09-20T19:36:48.136+0000] {manager.py:846} INFO - 
================================================================================
DAG File Processing Stats

File Path                                     PID    Runtime      # DAGs    # Errors  Last Runtime    Last Run
--------------------------------------------  -----  ---------  --------  ----------  --------------  -------------------
/opt/airflow/dags/data_ingestion_dag/main.py                           1           0  0.25s           2022-09-20T19:36:27
================================================================================
[2022-09-20T19:37:18.518+0000] {manager.py:846} INFO - 
================================================================================
DAG File Processing Stats

File Path                                     PID    Runtime      # DAGs    # Errors  Last Runtime    Last Run
--------------------------------------------  -----  ---------  --------  ----------  --------------  -------------------
/opt/airflow/dags/data_ingestion_dag/main.py                           1           0  0.20s           2022-09-20T19:36:57
================================================================================
[2022-09-20T19:37:35.705+0000] {manager.py:724} INFO - Searching for files in /opt/airflow/dags
[2022-09-20T19:37:35.741+0000] {manager.py:727} INFO - There are 1 files in /opt/airflow/dags
[2022-09-20T19:37:48.875+0000] {manager.py:846} INFO - 
================================================================================
DAG File Processing Stats

File Path                                     PID    Runtime      # DAGs    # Errors  Last Runtime    Last Run
--------------------------------------------  -----  ---------  --------  ----------  --------------  -------------------
/opt/airflow/dags/data_ingestion_dag/main.py                           1           0  0.21s           2022-09-20T19:37:27
================================================================================
[2022-09-20T19:38:19.184+0000] {manager.py:846} INFO - 
================================================================================
DAG File Processing Stats

File Path                                     PID    Runtime      # DAGs    # Errors  Last Runtime    Last Run
--------------------------------------------  -----  ---------  --------  ----------  --------------  -------------------
/opt/airflow/dags/data_ingestion_dag/main.py                           1           0  0.24s           2022-09-20T19:37:58
================================================================================
[2022-09-20T19:38:49.600+0000] {manager.py:846} INFO - 
================================================================================
DAG File Processing Stats

File Path                                     PID    Runtime      # DAGs    # Errors  Last Runtime    Last Run
--------------------------------------------  -----  ---------  --------  ----------  --------------  -------------------
/opt/airflow/dags/data_ingestion_dag/main.py                           1           0  0.23s           2022-09-20T19:38:28
================================================================================
[2022-09-20T19:39:19.869+0000] {manager.py:846} INFO - 
================================================================================
DAG File Processing Stats

File Path                                     PID    Runtime      # DAGs    # Errors  Last Runtime    Last Run
--------------------------------------------  -----  ---------  --------  ----------  --------------  -------------------
/opt/airflow/dags/data_ingestion_dag/main.py                           1           0  0.21s           2022-09-20T19:38:58
================================================================================
[2022-09-20T19:39:50.162+0000] {manager.py:846} INFO - 
================================================================================
DAG File Processing Stats

File Path                                     PID    Runtime      # DAGs    # Errors  Last Runtime    Last Run
--------------------------------------------  -----  ---------  --------  ----------  --------------  -------------------
/opt/airflow/dags/data_ingestion_dag/main.py                           1           0  0.22s           2022-09-20T19:39:29
================================================================================
[2022-09-20T19:40:20.648+0000] {manager.py:846} INFO - 
================================================================================
DAG File Processing Stats

File Path                                     PID    Runtime      # DAGs    # Errors  Last Runtime    Last Run
--------------------------------------------  -----  ---------  --------  ----------  --------------  -------------------
/opt/airflow/dags/data_ingestion_dag/main.py                           1           0  0.21s           2022-09-20T19:40:09
================================================================================
[2022-09-20T19:40:50.963+0000] {manager.py:846} INFO - 
================================================================================
DAG File Processing Stats

File Path                                     PID    Runtime      # DAGs    # Errors  Last Runtime    Last Run
--------------------------------------------  -----  ---------  --------  ----------  --------------  -------------------
/opt/airflow/dags/data_ingestion_dag/main.py                           1           0  0.23s           2022-09-20T19:40:29
================================================================================
[2022-09-20T19:41:21.292+0000] {manager.py:846} INFO - 
================================================================================
DAG File Processing Stats

File Path                                     PID    Runtime      # DAGs    # Errors  Last Runtime    Last Run
--------------------------------------------  -----  ---------  --------  ----------  --------------  -------------------
/opt/airflow/dags/data_ingestion_dag/main.py                           1           0  0.23s           2022-09-20T19:41:00
================================================================================
[2022-09-20T19:41:51.654+0000] {manager.py:846} INFO - 
================================================================================
DAG File Processing Stats

File Path                                     PID    Runtime      # DAGs    # Errors  Last Runtime    Last Run
--------------------------------------------  -----  ---------  --------  ----------  --------------  -------------------
/opt/airflow/dags/data_ingestion_dag/main.py                           1           0  0.26s           2022-09-20T19:41:30
================================================================================
[2022-09-20T19:42:21.972+0000] {manager.py:846} INFO - 
================================================================================
DAG File Processing Stats

File Path                                     PID    Runtime      # DAGs    # Errors  Last Runtime    Last Run
--------------------------------------------  -----  ---------  --------  ----------  --------------  -------------------
/opt/airflow/dags/data_ingestion_dag/main.py                           1           0  0.24s           2022-09-20T19:42:00
================================================================================
[2022-09-20T19:42:36.167+0000] {manager.py:724} INFO - Searching for files in /opt/airflow/dags
[2022-09-20T19:42:36.196+0000] {manager.py:727} INFO - There are 1 files in /opt/airflow/dags
[2022-09-20T19:42:52.323+0000] {manager.py:846} INFO - 
================================================================================
DAG File Processing Stats

File Path                                     PID    Runtime      # DAGs    # Errors  Last Runtime    Last Run
--------------------------------------------  -----  ---------  --------  ----------  --------------  -------------------
/opt/airflow/dags/data_ingestion_dag/main.py                           1           0  0.25s           2022-09-20T19:42:31
================================================================================
[2022-09-20T19:43:22.681+0000] {manager.py:846} INFO - 
================================================================================
DAG File Processing Stats

File Path                                     PID    Runtime      # DAGs    # Errors  Last Runtime    Last Run
--------------------------------------------  -----  ---------  --------  ----------  --------------  -------------------
/opt/airflow/dags/data_ingestion_dag/main.py                           1           0  0.25s           2022-09-20T19:43:01
================================================================================
[2022-09-20T19:43:53.059+0000] {manager.py:846} INFO - 
================================================================================
DAG File Processing Stats

File Path                                     PID    Runtime      # DAGs    # Errors  Last Runtime    Last Run
--------------------------------------------  -----  ---------  --------  ----------  --------------  -------------------
/opt/airflow/dags/data_ingestion_dag/main.py                           1           0  0.22s           2022-09-20T19:43:31
================================================================================
[2022-09-20T19:44:23.336+0000] {manager.py:846} INFO - 
================================================================================
DAG File Processing Stats

File Path                                     PID    Runtime      # DAGs    # Errors  Last Runtime    Last Run
--------------------------------------------  -----  ---------  --------  ----------  --------------  -------------------
/opt/airflow/dags/data_ingestion_dag/main.py                           1           0  0.28s           2022-09-20T19:44:02
================================================================================
[2022-09-20T19:44:32.669+0000] {manager.py:972} ERROR - Processor for /opt/airflow/dags/data_ingestion_dag/main.py exited with return code 1.
[2022-09-20T19:44:53.845+0000] {manager.py:846} INFO - 
================================================================================
DAG File Processing Stats

File Path                                     PID    Runtime      # DAGs    # Errors  Last Runtime    Last Run
--------------------------------------------  -----  ---------  --------  ----------  --------------  -------------------
/opt/airflow/dags/data_ingestion_dag/main.py                           0          -1  0.04s           2022-09-20T19:44:32
================================================================================
[2022-09-20T19:45:02.963+0000] {manager.py:972} ERROR - Processor for /opt/airflow/dags/data_ingestion_dag/main.py exited with return code 1.
