[2022-09-20T19:36:08.834+0000] {taskinstance.py:1165} INFO - Dependencies all met for <TaskInstance: booking_ingestion.load_data manual__2022-09-20T19:36:06.648145+00:00 [queued]>
[2022-09-20T19:36:08.841+0000] {taskinstance.py:1165} INFO - Dependencies all met for <TaskInstance: booking_ingestion.load_data manual__2022-09-20T19:36:06.648145+00:00 [queued]>
[2022-09-20T19:36:08.842+0000] {taskinstance.py:1362} INFO - 
--------------------------------------------------------------------------------
[2022-09-20T19:36:08.843+0000] {taskinstance.py:1363} INFO - Starting attempt 1 of 1
[2022-09-20T19:36:08.844+0000] {taskinstance.py:1364} INFO - 
--------------------------------------------------------------------------------
[2022-09-20T19:36:08.852+0000] {taskinstance.py:1383} INFO - Executing <Task(PythonOperator): load_data> on 2022-09-20 19:36:06.648145+00:00
[2022-09-20T19:36:08.856+0000] {standard_task_runner.py:54} INFO - Started process 973 to run task
[2022-09-20T19:36:08.859+0000] {standard_task_runner.py:82} INFO - Running: ['***', 'tasks', 'run', 'booking_ingestion', 'load_data', 'manual__2022-09-20T19:36:06.648145+00:00', '--job-id', '32', '--raw', '--subdir', 'DAGS_FOLDER/data_ingestion_dag/main.py', '--cfg-path', '/tmp/tmpva16_46l']
[2022-09-20T19:36:08.860+0000] {standard_task_runner.py:83} INFO - Job 32: Subtask load_data
[2022-09-20T19:36:08.861+0000] {dagbag.py:525} INFO - Filling up the DagBag from /opt/***/dags/data_ingestion_dag/main.py
[2022-09-20T19:36:09.015+0000] {task_command.py:384} INFO - Running <TaskInstance: booking_ingestion.load_data manual__2022-09-20T19:36:06.648145+00:00 [running]> on host 3756ba1ca570
[2022-09-20T19:36:09.033+0000] {warnings.py:110} WARNING - /home/***/.local/lib/python3.7/site-packages/***/utils/context.py:191: AirflowContextDeprecationWarning: Accessing 'execution_date' from the template is deprecated and will be removed in a future version. Please use 'data_interval_start' or 'logical_date' instead.
  warnings.warn(_create_deprecation_warning(key, self._deprecation_replacements[key]))

[2022-09-20T19:36:09.055+0000] {taskinstance.py:1592} INFO - Exporting the following env vars:
AIRFLOW_CTX_DAG_OWNER=***
AIRFLOW_CTX_DAG_ID=booking_ingestion
AIRFLOW_CTX_TASK_ID=load_data
AIRFLOW_CTX_EXECUTION_DATE=2022-09-20T19:36:06.648145+00:00
AIRFLOW_CTX_TRY_NUMBER=1
AIRFLOW_CTX_DAG_RUN_ID=manual__2022-09-20T19:36:06.648145+00:00
[2022-09-20T19:36:09.056+0000] {logging_mixin.py:117} INFO - Loading data for date: 2022-09-20 19
[2022-09-20T19:36:09.099+0000] {python.py:177} INFO - Done. Returned value was: None
[2022-09-20T19:36:09.106+0000] {taskinstance.py:1406} INFO - Marking task as SUCCESS. dag_id=booking_ingestion, task_id=load_data, execution_date=20220920T193606, start_date=20220920T193608, end_date=20220920T193609
[2022-09-20T19:36:09.158+0000] {local_task_job.py:164} INFO - Task exited with return code 0
[2022-09-20T19:36:09.174+0000] {local_task_job.py:273} INFO - 0 downstream tasks scheduled from follow-on schedule check
